Command: /home/st51/HW4/./simv -l run.log
Chronologic VCS simulator copyright 1991-2022
Contains Synopsys proprietary information.
Compiler version T-2022.06-SP2_Full64; Runtime version T-2022.06-SP2_Full64;  May  3 22:14 2026
*Verdi* Loading libsscore_vcs202206.so
FSDB Dumper for VCS, Release Verdi_T-2022.06-SP2, Linux x86_64/64bit, 11/22/2022
(C) 1996 - 2022 by Synopsys, Inc.
*Verdi* FSDB WARNING: The FSDB file already exists. Overwriting the FSDB file may crash the programs that are using this file.
*Verdi* : Create FSDB file 'wave.fsdb'
*Verdi* : Begin traversing the scope (top), layer (0).
*Verdi* : End of traversing.
GENERATED | time = 0 | address = 3328 | data_in = a9 | expected = 010101001
GENERATED | time = 0 | address = 0d47 | data_in = f9 | expected = 011111001
GENERATED | time = 0 | address = c2c5 | data_in = 2b | expected = 000101011
GENERATED | time = 0 | address = 4700 | data_in = 19 | expected = 100011001
GENERATED | time = 0 | address = 2fea | data_in = b4 | expected = 010110100
GENERATED | time = 0 | address = 1f1b | data_in = f1 | expected = 111110001
GENERATED | time = 0 | address = 46fe | data_in = 7f | expected = 101111111
GENERATED | time = 0 | address = 88f0 | data_in = bd | expected = 010111101
GENERATED | time = 0 | address = ad43 | data_in = aa | expected = 010101010
GENERATED | time = 0 | address = 1c0c | data_in = c2 | expected = 111000010
Time = 450000 | data_out = 010101001
PASS at time 450000 | address = 3328 | data_out = 010101001
Time = 850000 | data_out = 011111001
PASS at time 850000 | address = 0d47 | data_out = 011111001
Time = 1250000 | data_out = 000101011
PASS at time 1250000 | address = c2c5 | data_out = 000101011
Time = 1650000 | data_out = 100011001
PASS at time 1650000 | address = 4700 | data_out = 100011001
Time = 2050000 | data_out = 010110100
PASS at time 2050000 | address = 2fea | data_out = 010110100
Time = 2450000 | data_out = 111110001
PASS at time 2450000 | address = 1f1b | data_out = 111110001
Time = 2850000 | data_out = 101111111
PASS at time 2850000 | address = 46fe | data_out = 101111111
Time = 3250000 | data_out = 010111101
PASS at time 3250000 | address = 88f0 | data_out = 010111101
Time = 3650000 | data_out = 010101010
PASS at time 3650000 | address = ad43 | data_out = 010101010
Time = 4050000 | data_out = 111000010
PASS at time 4050000 | address = 1c0c | data_out = 111000010
Time = 4050000 | Total errors = 0
=================================
TEST PASSED: No errors found.
=================================
$finish called from file "test_program.sv", line 99.
$finish at simulation time              4350000
           V C S   S i m u l a t i o n   R e p o r t 
Time: 4350000 ps
CPU Time:      0.370 seconds;       Data structure size:   0.0Mb
Sun May  3 22:14:54 2026
